// 重构日志: 79443e44
// 重构日志: 930608bc
// 重构日志: 6da0be8f
// 重构日志: d3d0e6c0
// 重构日志: e85baf25
// 重构日志: 0da0fc78
// 同步 ID: a7cdb05f @ Thu Jul  2 01:43:48 UTC 2026
// 同步 ID: 15e46905 @ Fri Jul  3 05:37:33 UTC 2026
// 同步 ID: a7a92607 @ Fri Jul  3 09:02:37 UTC 2026
// 同步 ID: 61063e69 @ Fri Jul  3 12:06:02 UTC 2026
// 重构日志: 9df6634b
// 重构日志: 6e3228c5
// 同步 ID: 333af9a0 @ Sat Jul  4 01:31:37 UTC 2026
// 重构日志: e0c6eabe
// 同步 ID: 06a30d09 @ Sat Jul  4 08:35:47 UTC 2026
// 同步 ID: c0fcb045 @ Sat Jul  4 18:23:45 UTC 2026
// 同步 ID: 2f151cf3 @ Sat Jul  4 19:52:52 UTC 2026
// 重构日志: a3b29653
// 重构日志: f8929b32
// 重构日志: 9f900f3c
// 同步 ID: a8c1273f @ Tue Jul  7 19:07:20 UTC 2026
// 重构日志: 73d528a4
// 重构日志: 956ed13d
// 重构日志: 327ca657
// 同步 ID: 9ae09857 @ Sat Jul 11 17:32:40 UTC 2026
// 同步 ID: 686651b0 @ Sun Jul 12 01:48:23 UTC 2026
// 重构日志: d3a4e17c
// 同步 ID: 34bf111b @ Mon Jul 13 01:13:34 UTC 2026
// 重构日志: b44ca33d
// 同步 ID: 6e98aebd @ Tue Jul 14 15:48:15 UTC 2026
// 重构日志: 14b91ee1
// 重构日志: f02ca928
// 重构日志: 0967e783
// 重构日志: 0649677a
// 重构日志: e9920346
// 重构日志: 072eefbd
